<?xml version="1.0" encoding="UTF-8"?>
<testng-results skipped="0" failed="0" ignored="0" total="1" passed="1">
  <reporter-output>
  </reporter-output>
  <suite name="Default suite" duration-ms="83858" started-at="2018-12-11T12:42:25Z" finished-at="2018-12-11T12:43:49Z">
    <groups>
    </groups>
    <test name="Default test" duration-ms="83858" started-at="2018-12-11T12:42:25Z" finished-at="2018-12-11T12:43:49Z">
      <class name="scripts.TestCase1">
        <test-method status="PASS" signature="beforeClass()[pri:0, instance:scripts.TestCase1@12f41634]" name="beforeClass" is-config="true" duration-ms="3986" started-at="2018-12-11T14:42:25Z" finished-at="2018-12-11T14:42:29Z">
          <reporter-output>
          </reporter-output>
        </test-method> <!-- beforeClass -->
        <test-method status="PASS" signature="testSiteOpen()[pri:0, instance:scripts.TestCase1@12f41634]" name="testSiteOpen" duration-ms="78605" started-at="2018-12-11T14:42:29Z" finished-at="2018-12-11T14:43:47Z">
          <reporter-output>
          </reporter-output>
        </test-method> <!-- testSiteOpen -->
        <test-method status="PASS" signature="afterClass()[pri:0, instance:scripts.TestCase1@12f41634]" name="afterClass" is-config="true" duration-ms="1249" started-at="2018-12-11T14:43:47Z" finished-at="2018-12-11T14:43:49Z">
          <reporter-output>
          </reporter-output>
        </test-method> <!-- afterClass -->
      </class> <!-- scripts.TestCase1 -->
    </test> <!-- Default test -->
  </suite> <!-- Default suite -->
</testng-results>
